This is pdfTeX, Version 3.1415926-2.3-1.40.12 (TeX Live 2011) (format=pdflatex 2013.2.20)  28 JUN 2013 11:14
entering extended mode
 restricted \write18 enabled.
 %&-line parsing enabled.
**\input Vorbereitung.tex
(./Vorbereitung.tex (/usr/share/texmf/tex/latex/koma-script/scrartcl.cls
Document Class: scrartcl 2011/04/02 v3.09 KOMA-Script document class (article)
(/usr/share/texmf/tex/latex/koma-script/scrkbase.sty
Package: scrkbase 2011/04/02 v3.09 KOMA-Script package (KOMA-Script-dependent b
asics and keyval usage)

(/usr/share/texmf/tex/latex/koma-script/scrbase.sty
Package: scrbase 2011/04/02 v3.09 KOMA-Script package (KOMA-Script-independent 
basics and keyval usage)

(/usr/share/texmf/tex/latex/graphics/keyval.sty
Package: keyval 1999/03/16 v1.13 key=value parser (DPC)
\KV@toks@=\toks14
)
(/usr/share/texmf/tex/latex/koma-script/scrlfile.sty
Package: scrlfile 2011/03/09 v3.09 KOMA-Script package (loading files)

Package scrlfile, 2011/03/09 v3.09 KOMA-Script package (loading files)
                  Copyright (C) Markus Kohm

))) (/usr/share/texmf/tex/latex/koma-script/tocbasic.sty
Package: tocbasic 2011/03/23 v3.09 KOMA-Script package (handling toc-files)
)
Package tocbasic Info: omitting babel extension for `toc'
(tocbasic)             because of feature `nobabel' available
(tocbasic)             for `toc' on input line 115.
Package tocbasic Info: omitting babel extension for `lof'
(tocbasic)             because of feature `nobabel' available
(tocbasic)             for `lof' on input line 116.
Package tocbasic Info: omitting babel extension for `lot'
(tocbasic)             because of feature `nobabel' available
(tocbasic)             for `lot' on input line 117.


Class scrartcl Warning: You've used obsolete option `parskip*'.
(scrartcl)              Usage of this option indicates an old document and
(scrartcl)              changes compatibility level using
(scrartcl)              `parskip=full*,version=first'.
(scrartcl)              If you don't want this, you should simply replace
(scrartcl)              usage of option `parskip*' by `parskip=full*'.

Class scrartcl Info: Switching compatibility level to `first'.
Class scrartcl Info: File `scrsize11pt.clo' used instead of
(scrartcl)           file `scrsize11.clo' to setup font sizes on input line 124
6.
(/usr/share/texmf/tex/latex/koma-script/scrsize11pt.clo
File: scrsize11pt.clo 2011/04/02 v3.09 KOMA-Script font size class option (11pt
)
)
(/usr/share/texmf/tex/latex/koma-script/typearea.sty
Package: typearea 2011/04/02 v3.09 KOMA-Script package (type area)

Package typearea, 2011/04/02 v3.09 KOMA-Script package (type area)
                  Copyright (C) Frank Neukam, 1992-1994
                  Copyright (C) Markus Kohm, 1994-

\ta@bcor=\skip41
\ta@div=\count79
\ta@hblk=\skip42
\ta@vblk=\skip43
\ta@temp=\skip44
Package typearea Info: These are the values describing the layout:
(typearea)             DIV  = 10
(typearea)             BCOR = 0.0pt
(typearea)             \paperwidth      = 597.50793pt
(typearea)              \textwidth      = 418.25555pt
(typearea)              DIV departure   = -6%
(typearea)              \evensidemargin = 17.3562pt
(typearea)              \oddsidemargin  = 17.3562pt
(typearea)             \paperheight     = 845.04694pt
(typearea)              \textheight     = 595.80026pt
(typearea)              \topmargin      = -25.16531pt
(typearea)              \headheight     = 17.0pt
(typearea)              \headsep        = 20.40001pt
(typearea)              \topskip        = 11.0pt
(typearea)              \footskip       = 47.60002pt
(typearea)              \baselineskip   = 13.6pt
(typearea)              on input line 1138.
)
\c@part=\count80
\c@section=\count81
\c@subsection=\count82
\c@subsubsection=\count83
\c@paragraph=\count84
\c@subparagraph=\count85
\abovecaptionskip=\skip45
\belowcaptionskip=\skip46
\c@pti@nb@sid@b@x=\box26
\c@figure=\count86
\c@table=\count87
\bibindent=\dimen102
) (/usr/share/texmf/tex/latex/base/inputenc.sty
Package: inputenc 2008/03/30 v1.1d Input encoding file
\inpenc@prehook=\toks15
\inpenc@posthook=\toks16

(/usr/share/texmf/tex/latex/base/utf8.def
File: utf8.def 2008/04/05 v1.1m UTF-8 support for inputenc
Now handling font encoding OML ...
... no UTF-8 mapping file for font encoding OML
Now handling font encoding T1 ...
... processing UTF-8 mapping file for font encoding T1

(/usr/share/texmf/tex/latex/base/t1enc.dfu
File: t1enc.dfu 2008/04/05 v1.1m UTF-8 support for inputenc
   defining Unicode char U+00A1 (decimal 161)
   defining Unicode char U+00A3 (decimal 163)
   defining Unicode char U+00AB (decimal 171)
   defining Unicode char U+00BB (decimal 187)
   defining Unicode char U+00BF (decimal 191)
   defining Unicode char U+00C0 (decimal 192)
   defining Unicode char U+00C1 (decimal 193)
   defining Unicode char U+00C2 (decimal 194)
   defining Unicode char U+00C3 (decimal 195)
   defining Unicode char U+00C4 (decimal 196)
   defining Unicode char U+00C5 (decimal 197)
   defining Unicode char U+00C6 (decimal 198)
   defining Unicode char U+00C7 (decimal 199)
   defining Unicode char U+00C8 (decimal 200)
   defining Unicode char U+00C9 (decimal 201)
   defining Unicode char U+00CA (decimal 202)
   defining Unicode char U+00CB (decimal 203)
   defining Unicode char U+00CC (decimal 204)
   defining Unicode char U+00CD (decimal 205)
   defining Unicode char U+00CE (decimal 206)
   defining Unicode char U+00CF (decimal 207)
   defining Unicode char U+00D0 (decimal 208)
   defining Unicode char U+00D1 (decimal 209)
   defining Unicode char U+00D2 (decimal 210)
   defining Unicode char U+00D3 (decimal 211)
   defining Unicode char U+00D4 (decimal 212)
   defining Unicode char U+00D5 (decimal 213)
   defining Unicode char U+00D6 (decimal 214)
   defining Unicode char U+00D8 (decimal 216)
   defining Unicode char U+00D9 (decimal 217)
   defining Unicode char U+00DA (decimal 218)
   defining Unicode char U+00DB (decimal 219)
   defining Unicode char U+00DC (decimal 220)
   defining Unicode char U+00DD (decimal 221)
   defining Unicode char U+00DE (decimal 222)
   defining Unicode char U+00DF (decimal 223)
   defining Unicode char U+00E0 (decimal 224)
   defining Unicode char U+00E1 (decimal 225)
   defining Unicode char U+00E2 (decimal 226)
   defining Unicode char U+00E3 (decimal 227)
   defining Unicode char U+00E4 (decimal 228)
   defining Unicode char U+00E5 (decimal 229)
   defining Unicode char U+00E6 (decimal 230)
   defining Unicode char U+00E7 (decimal 231)
   defining Unicode char U+00E8 (decimal 232)
   defining Unicode char U+00E9 (decimal 233)
   defining Unicode char U+00EA (decimal 234)
   defining Unicode char U+00EB (decimal 235)
   defining Unicode char U+00EC (decimal 236)
   defining Unicode char U+00ED (decimal 237)
   defining Unicode char U+00EE (decimal 238)
   defining Unicode char U+00EF (decimal 239)
   defining Unicode char U+00F0 (decimal 240)
   defining Unicode char U+00F1 (decimal 241)
   defining Unicode char U+00F2 (decimal 242)
   defining Unicode char U+00F3 (decimal 243)
   defining Unicode char U+00F4 (decimal 244)
   defining Unicode char U+00F5 (decimal 245)
   defining Unicode char U+00F6 (decimal 246)
   defining Unicode char U+00F8 (decimal 248)
   defining Unicode char U+00F9 (decimal 249)
   defining Unicode char U+00FA (decimal 250)
   defining Unicode char U+00FB (decimal 251)
   defining Unicode char U+00FC (decimal 252)
   defining Unicode char U+00FD (decimal 253)
   defining Unicode char U+00FE (decimal 254)
   defining Unicode char U+00FF (decimal 255)
   defining Unicode char U+0102 (decimal 258)
   defining Unicode char U+0103 (decimal 259)
   defining Unicode char U+0104 (decimal 260)
   defining Unicode char U+0105 (decimal 261)
   defining Unicode char U+0106 (decimal 262)
   defining Unicode char U+0107 (decimal 263)
   defining Unicode char U+010C (decimal 268)
   defining Unicode char U+010D (decimal 269)
   defining Unicode char U+010E (decimal 270)
   defining Unicode char U+010F (decimal 271)
   defining Unicode char U+0110 (decimal 272)
   defining Unicode char U+0111 (decimal 273)
   defining Unicode char U+0118 (decimal 280)
   defining Unicode char U+0119 (decimal 281)
   defining Unicode char U+011A (decimal 282)
   defining Unicode char U+011B (decimal 283)
   defining Unicode char U+011E (decimal 286)
   defining Unicode char U+011F (decimal 287)
   defining Unicode char U+0130 (decimal 304)
   defining Unicode char U+0131 (decimal 305)
   defining Unicode char U+0132 (decimal 306)
   defining Unicode char U+0133 (decimal 307)
   defining Unicode char U+0139 (decimal 313)
   defining Unicode char U+013A (decimal 314)
   defining Unicode char U+013D (decimal 317)
   defining Unicode char U+013E (decimal 318)
   defining Unicode char U+0141 (decimal 321)
   defining Unicode char U+0142 (decimal 322)
   defining Unicode char U+0143 (decimal 323)
   defining Unicode char U+0144 (decimal 324)
   defining Unicode char U+0147 (decimal 327)
   defining Unicode char U+0148 (decimal 328)
   defining Unicode char U+014A (decimal 330)
   defining Unicode char U+014B (decimal 331)
   defining Unicode char U+0150 (decimal 336)
   defining Unicode char U+0151 (decimal 337)
   defining Unicode char U+0152 (decimal 338)
   defining Unicode char U+0153 (decimal 339)
   defining Unicode char U+0154 (decimal 340)
   defining Unicode char U+0155 (decimal 341)
   defining Unicode char U+0158 (decimal 344)
   defining Unicode char U+0159 (decimal 345)
   defining Unicode char U+015A (decimal 346)
   defining Unicode char U+015B (decimal 347)
   defining Unicode char U+015E (decimal 350)
   defining Unicode char U+015F (decimal 351)
   defining Unicode char U+0160 (decimal 352)
   defining Unicode char U+0161 (decimal 353)
   defining Unicode char U+0162 (decimal 354)
   defining Unicode char U+0163 (decimal 355)
   defining Unicode char U+0164 (decimal 356)
   defining Unicode char U+0165 (decimal 357)
   defining Unicode char U+016E (decimal 366)
   defining Unicode char U+016F (decimal 367)
   defining Unicode char U+0170 (decimal 368)
   defining Unicode char U+0171 (decimal 369)
   defining Unicode char U+0178 (decimal 376)
   defining Unicode char U+0179 (decimal 377)
   defining Unicode char U+017A (decimal 378)
   defining Unicode char U+017B (decimal 379)
   defining Unicode char U+017C (decimal 380)
   defining Unicode char U+017D (decimal 381)
   defining Unicode char U+017E (decimal 382)
   defining Unicode char U+200C (decimal 8204)
   defining Unicode char U+2013 (decimal 8211)
   defining Unicode char U+2014 (decimal 8212)
   defining Unicode char U+2018 (decimal 8216)
   defining Unicode char U+2019 (decimal 8217)
   defining Unicode char U+201A (decimal 8218)
   defining Unicode char U+201C (decimal 8220)
   defining Unicode char U+201D (decimal 8221)
   defining Unicode char U+201E (decimal 8222)
   defining Unicode char U+2030 (decimal 8240)
   defining Unicode char U+2031 (decimal 8241)
   defining Unicode char U+2039 (decimal 8249)
   defining Unicode char U+203A (decimal 8250)
   defining Unicode char U+2423 (decimal 9251)
)
Now handling font encoding OT1 ...
... processing UTF-8 mapping file for font encoding OT1

(/usr/share/texmf/tex/latex/base/ot1enc.dfu
File: ot1enc.dfu 2008/04/05 v1.1m UTF-8 support for inputenc
   defining Unicode char U+00A1 (decimal 161)
   defining Unicode char U+00A3 (decimal 163)
   defining Unicode char U+00B8 (decimal 184)
   defining Unicode char U+00BF (decimal 191)
   defining Unicode char U+00C5 (decimal 197)
   defining Unicode char U+00C6 (decimal 198)
   defining Unicode char U+00D8 (decimal 216)
   defining Unicode char U+00DF (decimal 223)
   defining Unicode char U+00E6 (decimal 230)
   defining Unicode char U+00EC (decimal 236)
   defining Unicode char U+00ED (decimal 237)
   defining Unicode char U+00EE (decimal 238)
   defining Unicode char U+00EF (decimal 239)
   defining Unicode char U+00F8 (decimal 248)
   defining Unicode char U+0131 (decimal 305)
   defining Unicode char U+0141 (decimal 321)
   defining Unicode char U+0142 (decimal 322)
   defining Unicode char U+0152 (decimal 338)
   defining Unicode char U+0153 (decimal 339)
   defining Unicode char U+2013 (decimal 8211)
   defining Unicode char U+2014 (decimal 8212)
   defining Unicode char U+2018 (decimal 8216)
   defining Unicode char U+2019 (decimal 8217)
   defining Unicode char U+201C (decimal 8220)
   defining Unicode char U+201D (decimal 8221)
)
Now handling font encoding OMS ...
... processing UTF-8 mapping file for font encoding OMS

(/usr/share/texmf/tex/latex/base/omsenc.dfu
File: omsenc.dfu 2008/04/05 v1.1m UTF-8 support for inputenc
   defining Unicode char U+00A7 (decimal 167)
   defining Unicode char U+00B6 (decimal 182)
   defining Unicode char U+00B7 (decimal 183)
   defining Unicode char U+2020 (decimal 8224)
   defining Unicode char U+2021 (decimal 8225)
   defining Unicode char U+2022 (decimal 8226)
)
Now handling font encoding OMX ...
... no UTF-8 mapping file for font encoding OMX
Now handling font encoding U ...
... no UTF-8 mapping file for font encoding U
   defining Unicode char U+00A9 (decimal 169)
   defining Unicode char U+00AA (decimal 170)
   defining Unicode char U+00AE (decimal 174)
   defining Unicode char U+00BA (decimal 186)
   defining Unicode char U+02C6 (decimal 710)
   defining Unicode char U+02DC (decimal 732)
   defining Unicode char U+200C (decimal 8204)
   defining Unicode char U+2026 (decimal 8230)
   defining Unicode char U+2122 (decimal 8482)
   defining Unicode char U+2423 (decimal 9251)
))
(/usr/share/texmf/tex/generic/babel/babel.sty
Package: babel 2008/07/06 v3.8l The Babel package

(/usr/share/texmf/tex/generic/babel/ngermanb.ldf
Language: ngermanb 2008/07/06 v2.6n new German support from the babel system

(/usr/share/texmf/tex/generic/babel/babel.def
File: babel.def 2008/07/06 v3.8l Babel common definitions
\babel@savecnt=\count88
\U@D=\dimen103
)
\l@naustrian = a dialect from \language\l@ngerman 
Package babel Info: Making " an active character on input line 92.
))
(/usr/share/texmf/tex/latex/siunitx/siunitx.sty
(/usr/share/texmf/tex/latex/expl3/expl3.sty
(/usr/share/texmf/tex/latex/expl3/l3names.sty
Package: l3names 2011/01/08 v2122 L3 Experimental Naming Scheme for TeX Primiti
ves
)
Package: expl3 2011/04/09 v2222 L3 Experimental code bundle wrapper

(/usr/share/texmf/tex/latex/etex-pkg/etex.sty
Package: etex 1998/03/26 v2.0 eTeX basic definition package (PEB)
\et@xins=\count89
)
(/usr/share/texmf/tex/latex/expl3/l3basics.sty
Package: l3basics 2011/04/23 v2246 L3 Experimental basic definitions
)
(/usr/share/texmf/tex/latex/expl3/l3expan.sty
Package: l3expan 2011/04/09 v2223 L3 Experimental Argument Expansion module
)
(/usr/share/texmf/tex/latex/expl3/l3tl.sty
Package: l3tl 2011/04/09 v2223 L3 Experimental Token Lists
)
(/usr/share/texmf/tex/latex/expl3/l3int.sty
Package: l3int 2011/04/11 v2229 L3 Experimental Integer module
\l_tmpa_int=\count90
\l_tmpb_int=\count91
\l_tmpc_int=\count92
\g_tmpa_int=\count93
\g_tmpb_int=\count94
\c_max_int=\count95
\g_tl_inline_level_int=\count96
\g_prg_inline_level_int=\count97
)
(/usr/share/texmf/tex/latex/expl3/l3quark.sty
Package: l3quark 2011/04/14 v2234 L3 Experimental Quark Commands
)
(/usr/share/texmf/tex/latex/expl3/l3seq.sty
Package: l3seq 2011/04/21 v2245 The LaTeX3 kernel: sequences and stacks
\g_seq_nesting_depth_int=\count98
)
(/usr/share/texmf/tex/latex/expl3/l3toks.sty
Package: l3toks 2011/04/09 v2223 L3 Experimental Token Registers
\l_tmpb_toks=\toks17
\l_tmpc_toks=\toks18
\g_tmpa_toks=\toks19
\g_tmpb_toks=\toks20
\g_tmpc_toks=\toks21
\c_empty_toks=\toks22
\l_tl_replace_toks=\toks23
)
(/usr/share/texmf/tex/latex/expl3/l3prg.sty
Package: l3prg 2011/04/09 v2223 L3 Experimental control structures
)
(/usr/share/texmf/tex/latex/expl3/l3clist.sty
Package: l3clist 2011/04/09 v2223 L3 Experimental comma separated lists
\g_clist_map_inline_int=\count99
)
(/usr/share/texmf/tex/latex/expl3/l3token.sty
Package: l3token 2011/04/09 v2223 L3 Experimental token investigation and manip
ulation
)
(/usr/share/texmf/tex/latex/expl3/l3prop.sty
Package: l3prop 2011/04/09 v2223 L3 Experimental Property Lists
\g_prop_inline_level_int=\count100
)
(/usr/share/texmf/tex/latex/expl3/l3msg.sty
Package: l3msg 2010/10/02 v2052 L3 Experimental LaTeX Messages module
\l_msg_redirect_classes_prop=\toks24
\l_msg_redirect_names_prop=\toks25
\l_msg_redirect_fatal_prop=\toks26
\l_msg_redirect_error_prop=\toks27
\l_msg_redirect_warning_prop=\toks28
\l_msg_redirect_info_prop=\toks29
\l_msg_redirect_log_prop=\toks30
\l_msg_redirect_trace_prop=\toks31
\l_msg_redirect_none_prop=\toks32
)
(/usr/share/texmf/tex/latex/expl3/l3io.sty
Package: l3io 2010/10/03 v2063 L3 Experimental i/o module
\g_iow_streams_prop=\toks33
\g_ior_streams_prop=\toks34
\l_iow_stream_int=\count101
)
(/usr/share/texmf/tex/latex/expl3/l3skip.sty
Package: l3skip 2011/02/15 v2149 L3 Experimental skip registers
\l_tmpa_skip=\skip47
\l_tmpb_skip=\skip48
\l_tmpc_skip=\skip49
\g_tmpa_skip=\skip50
\g_tmpb_skip=\skip51
\l_tmpa_dim=\dimen104
\l_tmpb_dim=\dimen105
\l_tmpc_dim=\dimen106
\l_tmpd_dim=\dimen107
\g_tmpa_dim=\dimen108
\g_tmpb_dim=\dimen109
)
(/usr/share/texmf/tex/latex/expl3/l3box.sty
Package: l3box 2011/04/09 v2223 L3 Experimental Box module
\l_tmpb_box=\box27
)
(/usr/share/texmf/tex/latex/expl3/l3keyval.sty
Package: l3keyval 2011/04/09 v2223 L3 Experimental keyval processing
\l_KV_level_int=\count102
)
(/usr/share/texmf/tex/latex/expl3/l3keys.sty
Package: l3keys 2010/11/11 v2082 L3 Experimental key-value support
\l_keys_choice_int=\count103
)
(/usr/share/texmf/tex/latex/expl3/l3precom.sty
Package: l3precom 2011/04/09 v2223 L3 Experimental precompilation module
\g_gen_sym_int=\count104
\g_ggen_sym_int=\count105
)
(/usr/share/texmf/tex/latex/expl3/l3xref.sty
Package: l3xref 2011/04/09 v2223 L3 Experimental cross referencing
\g_xref_all_curr_immediate_fields_prop=\toks35
\g_xref_all_curr_deferred_fields_prop=\toks36
)
(/usr/share/texmf/tex/latex/expl3/l3file.sty
Package: l3file 2011/04/21 v2242 The LaTeX3 kernel: file operations
)
(/usr/share/texmf/tex/latex/expl3/l3fp.sty
Package: l3fp 2011/03/19 v2201 L3 Experimental floating-point operations
\c_one_million=\count106
\c_one_hundred_million=\count107
\c_five_hundred_million=\count108
\c_one_thousand_million=\count109
\c_fp_pi_by_four_decimal_int=\count110
\c_fp_pi_by_four_extended_int=\count111
\c_fp_pi_decimal_int=\count112
\c_fp_pi_extended_int=\count113
\c_fp_two_pi_decimal_int=\count114
\c_fp_two_pi_extended_int=\count115
\l_fp_count_int=\count116
\l_fp_div_offset_int=\count117
\l_fp_exp_integer_int=\count118
\l_fp_exp_decimal_int=\count119
\l_fp_exp_extended_int=\count120
\l_fp_exp_exponent_int=\count121
\l_fp_input_a_sign_int=\count122
\l_fp_input_a_integer_int=\count123
\l_fp_input_a_decimal_int=\count124
\l_fp_input_a_exponent_int=\count125
\l_fp_input_b_sign_int=\count126
\l_fp_input_b_integer_int=\count127
\l_fp_input_b_decimal_int=\count128
\l_fp_input_b_exponent_int=\count129
\l_fp_input_a_extended_int=\count130
\l_fp_input_b_extended_int=\count131
\l_fp_mul_a_i_int=\count132
\l_fp_mul_a_ii_int=\count133
\l_fp_mul_a_iii_int=\count134
\l_fp_mul_a_iv_int=\count135
\l_fp_mul_a_v_int=\count136
\l_fp_mul_a_vi_int=\count137
\l_fp_mul_b_i_int=\count138
\l_fp_mul_b_ii_int=\count139
\l_fp_mul_b_iii_int=\count140
\l_fp_mul_b_iv_int=\count141
\l_fp_mul_b_v_int=\count142
\l_fp_mul_b_vi_int=\count143
\l_fp_mul_output_int=\count144
\l_fp_output_sign_int=\count145
\l_fp_output_integer_int=\count146
\l_fp_output_decimal_int=\count147
\l_fp_output_exponent_int=\count148
\l_fp_output_extended_int=\count149
\l_fp_round_position_int=\count150
\l_fp_round_target_int=\count151
\l_fp_split_sign_int=\count152
\l_fp_tmp_int=\count153
\l_fp_trig_octant_int=\count154
\l_fp_trig_sign_int=\count155
\l_fp_trig_decimal_int=\count156
\l_fp_trig_extended_int=\count157
\l_fp_tmp_dim=\dimen110
\l_fp_tmp_skip=\skip52
)
(/usr/share/texmf/tex/latex/expl3/l3luatex.sty
Package: l3luatex 2010/07/18 v1985 L3 Experimental LuaTeX functions
\g_cctab_allocate_int=\count158
\g_cctab_stack_int=\count159
)
(/usr/share/texmf/tex/latex/tools/calc.sty
Package: calc 2007/08/22 v4.3 Infix arithmetic (KKT,FJ)
\calc@Acount=\count160
\calc@Bcount=\count161
\calc@Adimen=\dimen111
\calc@Bdimen=\dimen112
\calc@Askip=\skip53
\calc@Bskip=\skip54
LaTeX Info: Redefining \setlength on input line 76.
LaTeX Info: Redefining \addtolength on input line 77.
\calc@Ccount=\count162
\calc@Cskip=\skip55
))
Package: siunitx 2011/06/15 v2.2i A comprehensive (SI) units package

(/usr/share/texmf/tex/latex/xpackages/xbase/xparse.sty
Package: xparse 2011/04/08 v2219 Generic document command parser
\c_xparse_shorthands_prop=\toks37
\l_xparse_m_args_int=\count163
\l_xparse_mandatory_args_int=\count164
\l_xparse_processor_int=\count165
\l_xparse_total_args_int=\count166
)
(/usr/share/texmf/tex/latex/amsmath/amstext.sty
Package: amstext 2000/06/29 v2.01

(/usr/share/texmf/tex/latex/amsmath/amsgen.sty
File: amsgen.sty 1999/11/30 v2.0
\@emptytoks=\toks38
\ex@=\dimen113
))
(/usr/share/texmf/tex/latex/tools/array.sty
Package: array 2008/09/09 v2.4c Tabular extension package (FMi)
\col@sep=\dimen114
\extrarowheight=\dimen115
\NC@list=\toks39
\extratabsurround=\skip56
\backup@length=\skip57
)
(/usr/share/texmf/tex/latex/xpackages/xtras/l3keys2e.sty
Package: l3keys2e 2011/05/06 v2320 Parsing LaTeX3 keyvals as LaTeX2e package op
tions
)
\l_siunitx_tmp_box=\box28
\l_siunitx_tmp_int=\count167
\l_siunitx_number_in_prop=\toks40
\l_siunitx_number_mantissa_length_int=\count168
\l_siunitx_number_uncert_length_int=\count169
\l_siunitx_round_int=\count170
\l_siunitx_process_decimal_int=\count171
\l_siunitx_process_uncertainty_int=\count172
\l_siunitx_process_fixed_int=\count173
\l_siunitx_process_integer_min_int=\count174
\l_siunitx_process_precision_int=\count175
\l_siunitx_number_out_prop=\toks41
\l_siunitx_angle_marker_box=\box29
\l_siunitx_angle_unit_box=\box30
\l_siunitx_angle_marker_dim=\dimen116
\l_siunitx_angle_unit_dim=\dimen117
\l_siunitx_angle_degree_prop=\toks42
\l_siunitx_angle_minute_prop=\toks43
\l_siunitx_angle_second_prop=\toks44
\l_siunitx_unit_int=\count176
\l_siunitx_unit_prop=\toks45
\l_siunitx_unit_denominator_int=\count177
\l_siunitx_unit_numerator_int=\count178
\l_siunitx_unit_prefix_int=\count179
\l_siunitx_unit_prefix_base_int=\count180
\l_siunitx_unit_prefix_gram_int=\count181
\l_siunitx_number_product_int=\count182
\c_siunitx_one_fill_skip=\skip58
\l_siunitx_table_unit_align_skip=\skip59
\l_siunitx_table_fill_box=\box31
\l_siunitx_table_fill_dim=\dimen118
\l_siunitx_table_pre_box=\box32
\l_siunitx_table_post_box=\box33
\l_siunitx_table_result_box=\box34
\l_siunitx_table_comparator_dim=\dimen119
\l_siunitx_table_decimal_dim=\dimen120
\l_siunitx_table_exponent_dim=\dimen121
\l_siunitx_table_integer_dim=\dimen122
\l_siunitx_table_mantissa_dim=\dimen123
\l_siunitx_table_marker_dim=\dimen124
\l_siunitx_table_result_dim=\dimen125
\l_siunitx_table_uncert_dim=\dimen126
\l_siunitx_table_gap_dim=\dimen127
\l_siunitx_table_model_prop=\toks46
\l_siunitx_table_space_dim=\dimen128
\l_siunitx_table_number_align_skip=\skip60
\l_siunitx_table_text_align_skip=\skip61
\l_siunitx_table_decimal_int=\count183
\l_siunitx_table_exponent_int=\count184
\l_siunitx_table_integer_int=\count185
\l_siunitx_table_uncert_int=\count186
 LaTeX info: Defining document command \DeclareBinaryPrefix
(LaTeX)  with arg. spec. 'mmm' on line 6794.

 LaTeX info: Defining document command \DeclareSIPostPower
(LaTeX)  with arg. spec. 'mm' on line 6797.

 LaTeX info: Defining document command \DeclareSIPrefix
(LaTeX)  with arg. spec. 'mmm' on line 6800.

 LaTeX info: Defining document command \DeclareSIPrePower
(LaTeX)  with arg. spec. 'mm' on line 6803.

 LaTeX info: Defining document command \DeclareSIQualifier
(LaTeX)  with arg. spec. 'mm' on line 6806.

 LaTeX info: Defining document command \DeclareSIUnit
(LaTeX)  with arg. spec. 'O{}mm' on line 6809.

 LaTeX info: Defining document command \DeclareSIUnitWithOptions
(LaTeX)  with arg. spec. 'mmm' on line 6812.

 LaTeX info: Defining document command \ang
(LaTeX)  with arg. spec. 'o>{\SplitArgument {2}{;}}m' on line 6827.

 LaTeX info: Defining document command \num
(LaTeX)  with arg. spec. 'om' on line 6834.

 LaTeX info: Defining document command \numlist
(LaTeX)  with arg. spec. 'o>{\SplitList {;}}m' on line 6841.

 LaTeX info: Defining document command \numrange
(LaTeX)  with arg. spec. 'omm' on line 6848.

 LaTeX info: Defining document command \SIlist
(LaTeX)  with arg. spec. 'o>{\SplitList {;}}mm' on line 6858.

 LaTeX info: Defining document command \SIrange
(LaTeX)  with arg. spec. 'ommm' on line 6868.

 LaTeX info: Defining document command \SI
(LaTeX)  with arg. spec. 'omom' on line 6878.

 LaTeX info: Defining document command \sisetup
(LaTeX)  with arg. spec. 'm' on line 6881.

 LaTeX info: Defining document command \tablenum
(LaTeX)  with arg. spec. 'om' on line 6892.

 LaTeX info: Defining document command \si
(LaTeX)  with arg. spec. 'om' on line 6902.

 LaTeX info: Defining document command \siunitx_bookmark_num:w
(LaTeX)  with arg. spec. 'om' on line 6939.

 LaTeX info: Defining document command \siunitx_bookmark_numrange:w
(LaTeX)  with arg. spec. 'omm' on line 6941.

 LaTeX info: Defining document command \siunitx_bookmark_SI:w
(LaTeX)  with arg. spec. 'omom' on line 6943.

 LaTeX info: Defining document command \siunitx_bookmark_SIlist:w
(LaTeX)  with arg. spec. 'omm' on line 6945.

 LaTeX info: Defining document command \siunitx_bookmark_SIrange:w
(LaTeX)  with arg. spec. 'ommm' on line 6947.

 LaTeX info: Defining document command \siunitx_bookmark_si:w
(LaTeX)  with arg. spec. 'om' on line 6948.

\g_ior_tmp_stream=\read1

(/usr/share/texmf/tex/latex/beamer/translator/translator.sty
Package: translator 2010/06/12 ver 1.10

(/usr/share/texmf/tex/latex/beamer/translator/translator-language-mappings.tex)
)
 siunitx warning: Version 1 option 'decimalsymbol' detected.

(/usr/share/texmf/tex/latex/siunitx/config/siunitx-version-1.cfg
File: siunitx-version-1.cfg 2011/06/15 v2.2i siunitx: Version 1 settings

(/usr/share/texmf/tex/latex/siunitx/config/siunitx-abbreviations.cfg
File: siunitx-abbreviations.cfg 2010/08/12 v2.0s siunitx: Abbreviated units
)
(/usr/share/texmf/tex/latex/siunitx/config/siunitx-binary.cfg
File: siunitx-binary.cfg 2011/06/15 v2.2i siunitx: Binary units
)
 LaTeX info: Defining document command \newpower
(LaTeX)  with arg. spec. 'omm' on line 638.

 LaTeX info: Defining document command \renewpower
(LaTeX)  with arg. spec. 'omm' on line 643.

 LaTeX info: Defining document command \providepower
(LaTeX)  with arg. spec. 'omm' on line 648.

 LaTeX info: Defining document command \newprefix
(LaTeX)  with arg. spec. 'ommm' on line 653.

 LaTeX info: Defining document command \renewprefix
(LaTeX)  with arg. spec. 'ommm' on line 658.

 LaTeX info: Defining document command \provideprefix
(LaTeX)  with arg. spec. 'ommm' on line 663.

 LaTeX info: Defining document command \newqualifier
(LaTeX)  with arg. spec. 'mm' on line 666.

 LaTeX info: Defining document command \requiresiconfigs
(LaTeX)  with arg. spec. 'm' on line 736.

))
(/usr/share/texmf/tex/latex/paralist/paralist.sty
Package: paralist 2002/03/18 v2.3b Extended list environments (BS)
\pltopsep=\skip62
\plpartopsep=\skip63
\plitemsep=\skip64
\plparsep=\skip65
\pl@lab=\toks47
)
(/usr/share/texmf/tex/latex/amsmath/amsmath.sty
Package: amsmath 2000/07/18 v2.13 AMS math features
\@mathmargin=\skip66

For additional information on amsmath, use the `?' option.
(/usr/share/texmf/tex/latex/amsmath/amsbsy.sty
Package: amsbsy 1999/11/29 v1.2d
\pmbraise@=\dimen129
)
(/usr/share/texmf/tex/latex/amsmath/amsopn.sty
Package: amsopn 1999/12/14 v2.01 operator names
)
\inf@bad=\count187
LaTeX Info: Redefining \frac on input line 211.
\uproot@=\count188
\leftroot@=\count189
LaTeX Info: Redefining \overline on input line 307.
\classnum@=\count190
\DOTSCASE@=\count191
LaTeX Info: Redefining \ldots on input line 379.
LaTeX Info: Redefining \dots on input line 382.
LaTeX Info: Redefining \cdots on input line 467.
\Mathstrutbox@=\box35
\strutbox@=\box36
\big@size=\dimen130
LaTeX Font Info:    Redeclaring font encoding OML on input line 567.
LaTeX Font Info:    Redeclaring font encoding OMS on input line 568.
\macc@depth=\count192
\c@MaxMatrixCols=\count193
\dotsspace@=\muskip10
\c@parentequation=\count194
\dspbrk@lvl=\count195
\tag@help=\toks48
\row@=\count196
\column@=\count197
\maxfields@=\count198
\andhelp@=\toks49
\eqnshift@=\dimen131
\alignsep@=\dimen132
\tagshift@=\dimen133
\tagwidth@=\dimen134
\totwidth@=\dimen135
\lineht@=\dimen136
\@envbody=\toks50
\multlinegap=\skip67
\multlinetaggap=\skip68
\mathdisplay@stack=\toks51
LaTeX Info: Redefining \[ on input line 2666.
LaTeX Info: Redefining \] on input line 2667.
)
(/usr/share/texmf/tex/latex/graphics/graphicx.sty
Package: graphicx 1999/02/16 v1.0f Enhanced LaTeX Graphics (DPC,SPQR)

(/usr/share/texmf/tex/latex/graphics/graphics.sty
Package: graphics 2009/02/05 v1.0o Standard LaTeX Graphics (DPC,SPQR)

(/usr/share/texmf/tex/latex/graphics/trig.sty
Package: trig 1999/03/16 v1.09 sin cos tan (DPC)
)
(/usr/share/texmf/tex/latex/latexconfig/graphics.cfg
File: graphics.cfg 2010/04/23 v1.9 graphics configuration of TeX Live
)
Package graphics Info: Driver file: pdftex.def on input line 91.

(/usr/share/texmf/tex/latex/pdftex-def/pdftex.def
File: pdftex.def 2011/05/27 v0.06d Graphics/color for pdfTeX

(/usr/share/texmf/tex/generic/oberdiek/infwarerr.sty
Package: infwarerr 2010/04/08 v1.3 Providing info/warning/message (HO)
)
(/usr/share/texmf/tex/generic/oberdiek/ltxcmds.sty
Package: ltxcmds 2011/04/18 v1.20 LaTeX kernel commands for general use (HO)
)
\Gread@gobject=\count199
))
\Gin@req@height=\dimen137
\Gin@req@width=\dimen138
)
(/usr/share/texmf/tex/latex/booktabs/booktabs.sty
Package: booktabs 2005/04/14 v1.61803 publication quality tables
\heavyrulewidth=\dimen139
\lightrulewidth=\dimen140
\cmidrulewidth=\dimen141
\belowrulesep=\dimen142
\belowbottomsep=\dimen143
\aboverulesep=\dimen144
\abovetopsep=\dimen145
\cmidrulesep=\dimen146
\cmidrulekern=\dimen147
\defaultaddspace=\dimen148
\@cmidla=\count200
\@cmidlb=\count201
\@aboverulesep=\dimen149
\@belowrulesep=\dimen150
Normal \count register pool exhausted, switching to extended pool.
\@thisruleclass=\count277
\@lastruleclass=\count278
\@thisrulewidth=\dimen151
)
(/usr/share/texmf/tex/latex/float/float.sty
Package: float 2001/11/08 v1.3d Float enhancements (AL)
\c@float@type=\count279
\float@exts=\toks52
\float@box=\box37
\@float@everytoks=\toks53
\@floatcapt=\box38
)
(/usr/share/texmf/tex/latex/caption/caption.sty
Package: caption 2010/01/09 v3.1m Customizing captions (AR)

(/usr/share/texmf/tex/latex/caption/caption3.sty
Package: caption3 2010/01/14 v3.1m caption3 kernel (AR)
\captionmargin=\dimen152
\captionmargin@=\dimen153
\captionwidth=\dimen154
\caption@indent=\dimen155
\caption@parindent=\dimen156
\caption@hangindent=\dimen157
)
Package caption Info: KOMA-Script document class.
\c@ContinuedFloat=\count280
Package caption Info: float package is loaded.
)
(/usr/share/texmf/tex/latex/caption/subcaption.sty
Package: subcaption 2008/08/31 v1.0b Adding subcaptions (AR)
\c@subfigure=\count281
\c@subtable=\count282
)
(/usr/share/texmf/tex/latex/tools/tabularx.sty
Package: tabularx 1999/01/07 v2.07 `tabularx' package (DPC)
\TX@col@width=\dimen158
\TX@old@table=\dimen159
\TX@old@col=\dimen160
\TX@target=\dimen161
\TX@delta=\dimen162
\TX@cols=\count283
\TX@ftn=\toks54
)
(/usr/share/texmf/tex/latex/commath/commath.sty
(/usr/share/texmf/tex/latex/base/ifthen.sty
Package: ifthen 2001/05/26 v1.1c Standard LaTeX ifthen package (DPC)
))
(/usr/share/texmf/tex/latex/amsfonts/amsfonts.sty
Package: amsfonts 2009/06/22 v3.00 Basic AMSFonts support
\symAMSa=\mathgroup4
\symAMSb=\mathgroup5
LaTeX Font Info:    Overwriting math alphabet `\mathfrak' in version `bold'
(Font)                  U/euf/m/n --> U/euf/b/n on input line 96.
) (./Vorbereitung.aux)
\openout1 = `Vorbereitung.aux'.

LaTeX Font Info:    Checking defaults for OML/cmm/m/it on input line 29.
LaTeX Font Info:    ... okay on input line 29.
LaTeX Font Info:    Checking defaults for T1/cmr/m/n on input line 29.
LaTeX Font Info:    ... okay on input line 29.
LaTeX Font Info:    Checking defaults for OT1/cmr/m/n on input line 29.
LaTeX Font Info:    ... okay on input line 29.
LaTeX Font Info:    Checking defaults for OMS/cmsy/m/n on input line 29.
LaTeX Font Info:    ... okay on input line 29.
LaTeX Font Info:    Checking defaults for OMX/cmex/m/n on input line 29.
LaTeX Font Info:    ... okay on input line 29.
LaTeX Font Info:    Checking defaults for U/cmr/m/n on input line 29.
LaTeX Font Info:    ... okay on input line 29.
Now handling font encoding TS1 ...
... processing UTF-8 mapping file for font encoding TS1

(/usr/share/texmf/tex/latex/base/ts1enc.dfu
File: ts1enc.dfu 2008/04/05 v1.1m UTF-8 support for inputenc
   defining Unicode char U+00A2 (decimal 162)
   defining Unicode char U+00A3 (decimal 163)
   defining Unicode char U+00A4 (decimal 164)
   defining Unicode char U+00A5 (decimal 165)
   defining Unicode char U+00A6 (decimal 166)
   defining Unicode char U+00A7 (decimal 167)
   defining Unicode char U+00A8 (decimal 168)
   defining Unicode char U+00A9 (decimal 169)
   defining Unicode char U+00AA (decimal 170)
   defining Unicode char U+00AC (decimal 172)
   defining Unicode char U+00AE (decimal 174)
   defining Unicode char U+00AF (decimal 175)
   defining Unicode char U+00B0 (decimal 176)
   defining Unicode char U+00B1 (decimal 177)
   defining Unicode char U+00B2 (decimal 178)
   defining Unicode char U+00B3 (decimal 179)
   defining Unicode char U+00B4 (decimal 180)
   defining Unicode char U+00B5 (decimal 181)
   defining Unicode char U+00B6 (decimal 182)
   defining Unicode char U+00B7 (decimal 183)
   defining Unicode char U+00B9 (decimal 185)
   defining Unicode char U+00BA (decimal 186)
   defining Unicode char U+00BC (decimal 188)
   defining Unicode char U+00BD (decimal 189)
   defining Unicode char U+00BE (decimal 190)
   defining Unicode char U+00D7 (decimal 215)
   defining Unicode char U+00F7 (decimal 247)
   defining Unicode char U+0192 (decimal 402)
   defining Unicode char U+02C7 (decimal 711)
   defining Unicode char U+02D8 (decimal 728)
   defining Unicode char U+02DD (decimal 733)
   defining Unicode char U+0E3F (decimal 3647)
   defining Unicode char U+2016 (decimal 8214)
   defining Unicode char U+2020 (decimal 8224)
   defining Unicode char U+2021 (decimal 8225)
   defining Unicode char U+2022 (decimal 8226)
   defining Unicode char U+2030 (decimal 8240)
   defining Unicode char U+2031 (decimal 8241)
   defining Unicode char U+203B (decimal 8251)
   defining Unicode char U+203D (decimal 8253)
   defining Unicode char U+2044 (decimal 8260)
   defining Unicode char U+204E (decimal 8270)
   defining Unicode char U+2052 (decimal 8274)
   defining Unicode char U+20A1 (decimal 8353)
   defining Unicode char U+20A4 (decimal 8356)
   defining Unicode char U+20A6 (decimal 8358)
   defining Unicode char U+20A9 (decimal 8361)
   defining Unicode char U+20AB (decimal 8363)
   defining Unicode char U+20AC (decimal 8364)
   defining Unicode char U+20B1 (decimal 8369)
   defining Unicode char U+2103 (decimal 8451)
   defining Unicode char U+2116 (decimal 8470)
   defining Unicode char U+2117 (decimal 8471)
   defining Unicode char U+211E (decimal 8478)
   defining Unicode char U+2120 (decimal 8480)
   defining Unicode char U+2122 (decimal 8482)
   defining Unicode char U+2126 (decimal 8486)
   defining Unicode char U+2127 (decimal 8487)
   defining Unicode char U+212E (decimal 8494)
   defining Unicode char U+2190 (decimal 8592)
   defining Unicode char U+2191 (decimal 8593)
   defining Unicode char U+2192 (decimal 8594)
   defining Unicode char U+2193 (decimal 8595)
   defining Unicode char U+2329 (decimal 9001)
   defining Unicode char U+232A (decimal 9002)
   defining Unicode char U+2422 (decimal 9250)
   defining Unicode char U+25E6 (decimal 9702)
   defining Unicode char U+25EF (decimal 9711)
   defining Unicode char U+266A (decimal 9834)
)
 LaTeX info: Defining document command \of
(LaTeX)  with arg. spec. '' on line 29.

 LaTeX info: Defining document command \highlight
(LaTeX)  with arg. spec. '' on line 29.

 LaTeX info: Defining document command \per
(LaTeX)  with arg. spec. '' on line 29.

 LaTeX info: Defining document command \raiseto
(LaTeX)  with arg. spec. '' on line 29.

 LaTeX info: Defining document command \tothe
(LaTeX)  with arg. spec. '' on line 29.

 LaTeX info: Defining document command \kilogram
(LaTeX)  with arg. spec. '' on line 29.

 LaTeX info: Defining document command \metre
(LaTeX)  with arg. spec. '' on line 29.

 LaTeX info: Defining document command \meter
(LaTeX)  with arg. spec. '' on line 29.

 LaTeX info: Defining document command \mole
(LaTeX)  with arg. spec. '' on line 29.

 LaTeX info: Defining document command \second
(LaTeX)  with arg. spec. '' on line 29.

 LaTeX info: Defining document command \ampere
(LaTeX)  with arg. spec. '' on line 29.

 LaTeX info: Defining document command \kelvin
(LaTeX)  with arg. spec. '' on line 29.

 LaTeX info: Defining document command \candela
(LaTeX)  with arg. spec. '' on line 29.

 LaTeX info: Defining document command \gram
(LaTeX)  with arg. spec. '' on line 29.

 LaTeX info: Defining document command \yocto
(LaTeX)  with arg. spec. '' on line 29.

 LaTeX info: Defining document command \zepto
(LaTeX)  with arg. spec. '' on line 29.

 LaTeX info: Defining document command \atto
(LaTeX)  with arg. spec. '' on line 29.

 LaTeX info: Defining document command \femto
(LaTeX)  with arg. spec. '' on line 29.

 LaTeX info: Defining document command \pico
(LaTeX)  with arg. spec. '' on line 29.

 LaTeX info: Defining document command \nano
(LaTeX)  with arg. spec. '' on line 29.

 LaTeX info: Defining document command \micro
(LaTeX)  with arg. spec. '' on line 29.

 LaTeX info: Defining document command \milli
(LaTeX)  with arg. spec. '' on line 29.

 LaTeX info: Defining document command \centi
(LaTeX)  with arg. spec. '' on line 29.

 LaTeX info: Defining document command \deci
(LaTeX)  with arg. spec. '' on line 29.

 LaTeX info: Defining document command \deca
(LaTeX)  with arg. spec. '' on line 29.

 LaTeX info: Defining document command \deka
(LaTeX)  with arg. spec. '' on line 29.

 LaTeX info: Defining document command \hecto
(LaTeX)  with arg. spec. '' on line 29.

 LaTeX info: Defining document command \kilo
(LaTeX)  with arg. spec. '' on line 29.

 LaTeX info: Defining document command \mega
(LaTeX)  with arg. spec. '' on line 29.

 LaTeX info: Defining document command \giga
(LaTeX)  with arg. spec. '' on line 29.

 LaTeX info: Defining document command \tera
(LaTeX)  with arg. spec. '' on line 29.

 LaTeX info: Defining document command \peta
(LaTeX)  with arg. spec. '' on line 29.

 LaTeX info: Defining document command \exa
(LaTeX)  with arg. spec. '' on line 29.

 LaTeX info: Defining document command \zetta
(LaTeX)  with arg. spec. '' on line 29.

 LaTeX info: Defining document command \yotta
(LaTeX)  with arg. spec. '' on line 29.

 LaTeX info: Defining document command \becquerel
(LaTeX)  with arg. spec. '' on line 29.

 LaTeX info: Defining document command \celsius
(LaTeX)  with arg. spec. '' on line 29.

 LaTeX info: Defining document command \degreeCelsius
(LaTeX)  with arg. spec. '' on line 29.

 LaTeX info: Defining document command \coulomb
(LaTeX)  with arg. spec. '' on line 29.

 LaTeX info: Defining document command \farad
(LaTeX)  with arg. spec. '' on line 29.

 LaTeX info: Defining document command \gray
(LaTeX)  with arg. spec. '' on line 29.

 LaTeX info: Defining document command \hertz
(LaTeX)  with arg. spec. '' on line 29.

 LaTeX info: Defining document command \henry
(LaTeX)  with arg. spec. '' on line 29.

 LaTeX info: Defining document command \joule
(LaTeX)  with arg. spec. '' on line 29.

 LaTeX info: Defining document command \katal
(LaTeX)  with arg. spec. '' on line 29.

 LaTeX info: Defining document command \lumen
(LaTeX)  with arg. spec. '' on line 29.

 LaTeX info: Defining document command \lux
(LaTeX)  with arg. spec. '' on line 29.

 LaTeX info: Defining document command \newton
(LaTeX)  with arg. spec. '' on line 29.

 LaTeX info: Defining document command \ohm
(LaTeX)  with arg. spec. '' on line 29.

 LaTeX info: Defining document command \pascal
(LaTeX)  with arg. spec. '' on line 29.

 LaTeX info: Defining document command \radian
(LaTeX)  with arg. spec. '' on line 29.

 LaTeX info: Defining document command \siemens
(LaTeX)  with arg. spec. '' on line 29.

 LaTeX info: Defining document command \sievert
(LaTeX)  with arg. spec. '' on line 29.

 LaTeX info: Defining document command \steradian
(LaTeX)  with arg. spec. '' on line 29.

 LaTeX info: Defining document command \tesla
(LaTeX)  with arg. spec. '' on line 29.

 LaTeX info: Defining document command \volt
(LaTeX)  with arg. spec. '' on line 29.

 LaTeX info: Defining document command \watt
(LaTeX)  with arg. spec. '' on line 29.

 LaTeX info: Defining document command \weber
(LaTeX)  with arg. spec. '' on line 29.

 LaTeX info: Defining document command \arcmin
(LaTeX)  with arg. spec. '' on line 29.

 LaTeX info: Defining document command \arcminute
(LaTeX)  with arg. spec. '' on line 29.

 LaTeX info: Defining document command \arcsecond
(LaTeX)  with arg. spec. '' on line 29.

 LaTeX info: Defining document command \degree
(LaTeX)  with arg. spec. '' on line 29.

 LaTeX info: Defining document command \hectare
(LaTeX)  with arg. spec. '' on line 29.

 LaTeX info: Defining document command \hour
(LaTeX)  with arg. spec. '' on line 29.

 LaTeX info: Defining document command \litre
(LaTeX)  with arg. spec. '' on line 29.

 LaTeX info: Defining document command \liter
(LaTeX)  with arg. spec. '' on line 29.

 LaTeX info: Defining document command \minute
(LaTeX)  with arg. spec. '' on line 29.

 LaTeX info: Defining document command \percent
(LaTeX)  with arg. spec. '' on line 29.

 LaTeX info: Defining document command \tonne
(LaTeX)  with arg. spec. '' on line 29.

 LaTeX info: Defining document command \astronomicalunit
(LaTeX)  with arg. spec. '' on line 29.

 LaTeX info: Defining document command \atomicmassunit
(LaTeX)  with arg. spec. '' on line 29.

 LaTeX info: Defining document command \electronvolt
(LaTeX)  with arg. spec. '' on line 29.

 LaTeX info: Defining document command \dalton
(LaTeX)  with arg. spec. '' on line 29.

 LaTeX info: Defining document command \clight
(LaTeX)  with arg. spec. '' on line 29.

 LaTeX info: Defining document command \electronmass
(LaTeX)  with arg. spec. '' on line 29.

 LaTeX info: Defining document command \planckbar
(LaTeX)  with arg. spec. '' on line 29.

 LaTeX info: Defining document command \elementarycharge
(LaTeX)  with arg. spec. '' on line 29.

 LaTeX info: Defining document command \bohr
(LaTeX)  with arg. spec. '' on line 29.

 LaTeX info: Defining document command \hartree
(LaTeX)  with arg. spec. '' on line 29.

 LaTeX info: Defining document command \angstrom
(LaTeX)  with arg. spec. '' on line 29.

 LaTeX info: Defining document command \barn
(LaTeX)  with arg. spec. '' on line 29.

 LaTeX info: Defining document command \bel
(LaTeX)  with arg. spec. '' on line 29.

 LaTeX info: Defining document command \decibel
(LaTeX)  with arg. spec. '' on line 29.

 LaTeX info: Defining document command \knot
(LaTeX)  with arg. spec. '' on line 29.

 LaTeX info: Defining document command \mmHg
(LaTeX)  with arg. spec. '' on line 29.

 LaTeX info: Defining document command \nauticalmile
(LaTeX)  with arg. spec. '' on line 29.

 LaTeX info: Defining document command \neper
(LaTeX)  with arg. spec. '' on line 29.

 LaTeX info: Defining document command \squared
(LaTeX)  with arg. spec. '' on line 29.

 LaTeX info: Defining document command \cubic
(LaTeX)  with arg. spec. '' on line 29.

 LaTeX info: Defining document command \cubed
(LaTeX)  with arg. spec. '' on line 29.

 LaTeX info: Defining document command \A
(LaTeX)  with arg. spec. '' on line 29.

 LaTeX info: Defining document command \pA
(LaTeX)  with arg. spec. '' on line 29.

 LaTeX info: Defining document command \nA
(LaTeX)  with arg. spec. '' on line 29.

 LaTeX info: Defining document command \uA
(LaTeX)  with arg. spec. '' on line 29.

 LaTeX info: Defining document command \mA
(LaTeX)  with arg. spec. '' on line 29.

 LaTeX info: Defining document command \kA
(LaTeX)  with arg. spec. '' on line 29.

 LaTeX info: Defining document command \Hz
(LaTeX)  with arg. spec. '' on line 29.

 LaTeX info: Defining document command \mHz
(LaTeX)  with arg. spec. '' on line 29.

 LaTeX info: Defining document command \kHz
(LaTeX)  with arg. spec. '' on line 29.

 LaTeX info: Defining document command \MHz
(LaTeX)  with arg. spec. '' on line 29.

 LaTeX info: Defining document command \GHz
(LaTeX)  with arg. spec. '' on line 29.

 LaTeX info: Defining document command \THz
(LaTeX)  with arg. spec. '' on line 29.

 LaTeX info: Defining document command \mol
(LaTeX)  with arg. spec. '' on line 29.

 LaTeX info: Defining document command \fmol
(LaTeX)  with arg. spec. '' on line 29.

 LaTeX info: Defining document command \pmol
(LaTeX)  with arg. spec. '' on line 29.

 LaTeX info: Defining document command \nmol
(LaTeX)  with arg. spec. '' on line 29.

 LaTeX info: Defining document command \umol
(LaTeX)  with arg. spec. '' on line 29.

 LaTeX info: Defining document command \mmol
(LaTeX)  with arg. spec. '' on line 29.

 LaTeX info: Defining document command \kmol
(LaTeX)  with arg. spec. '' on line 29.

 LaTeX info: Defining document command \V
(LaTeX)  with arg. spec. '' on line 29.

 LaTeX info: Defining document command \pV
(LaTeX)  with arg. spec. '' on line 29.

 LaTeX info: Defining document command \nV
(LaTeX)  with arg. spec. '' on line 29.

 LaTeX info: Defining document command \uV
(LaTeX)  with arg. spec. '' on line 29.

 LaTeX info: Defining document command \mV
(LaTeX)  with arg. spec. '' on line 29.

 LaTeX info: Defining document command \kV
(LaTeX)  with arg. spec. '' on line 29.

 LaTeX info: Defining document command \ml
(LaTeX)  with arg. spec. '' on line 29.

 LaTeX info: Defining document command \ul
(LaTeX)  with arg. spec. '' on line 29.

 LaTeX info: Defining document command \mL
(LaTeX)  with arg. spec. '' on line 29.

 LaTeX info: Defining document command \uL
(LaTeX)  with arg. spec. '' on line 29.

 LaTeX info: Defining document command \fg
(LaTeX)  with arg. spec. '' on line 29.

 LaTeX info: Defining document command \pg
(LaTeX)  with arg. spec. '' on line 29.

 LaTeX info: Defining document command \ug
(LaTeX)  with arg. spec. '' on line 29.

 LaTeX info: Defining document command \mg
(LaTeX)  with arg. spec. '' on line 29.

 LaTeX info: Defining document command \g
(LaTeX)  with arg. spec. '' on line 29.

 LaTeX info: Defining document command \kg
(LaTeX)  with arg. spec. '' on line 29.

 LaTeX info: Defining document command \amu
(LaTeX)  with arg. spec. '' on line 29.

 LaTeX info: Defining document command \W
(LaTeX)  with arg. spec. '' on line 29.

 LaTeX info: Defining document command \mW
(LaTeX)  with arg. spec. '' on line 29.

 LaTeX info: Defining document command \kW
(LaTeX)  with arg. spec. '' on line 29.

 LaTeX info: Defining document command \MW
(LaTeX)  with arg. spec. '' on line 29.

 LaTeX info: Defining document command \GW
(LaTeX)  with arg. spec. '' on line 29.

 LaTeX info: Defining document command \J
(LaTeX)  with arg. spec. '' on line 29.

 LaTeX info: Defining document command \kJ
(LaTeX)  with arg. spec. '' on line 29.

 LaTeX info: Defining document command \eV
(LaTeX)  with arg. spec. '' on line 29.

 LaTeX info: Defining document command \meV
(LaTeX)  with arg. spec. '' on line 29.

 LaTeX info: Defining document command \keV
(LaTeX)  with arg. spec. '' on line 29.

 LaTeX info: Defining document command \MeV
(LaTeX)  with arg. spec. '' on line 29.

 LaTeX info: Defining document command \GeV
(LaTeX)  with arg. spec. '' on line 29.

 LaTeX info: Defining document command \TeV
(LaTeX)  with arg. spec. '' on line 29.

 LaTeX info: Defining document command \kWh
(LaTeX)  with arg. spec. '' on line 29.

 LaTeX info: Defining document command \m
(LaTeX)  with arg. spec. '' on line 29.

 LaTeX info: Defining document command \nm
(LaTeX)  with arg. spec. '' on line 29.

 LaTeX info: Defining document command \um
(LaTeX)  with arg. spec. '' on line 29.

 LaTeX info: Defining document command \mm
(LaTeX)  with arg. spec. '' on line 29.

 LaTeX info: Defining document command \cm
(LaTeX)  with arg. spec. '' on line 29.

 LaTeX info: Defining document command \dm
(LaTeX)  with arg. spec. '' on line 29.

 LaTeX info: Defining document command \km
(LaTeX)  with arg. spec. '' on line 29.

 LaTeX info: Defining document command \K
(LaTeX)  with arg. spec. '' on line 29.

 LaTeX info: Defining document command \N
(LaTeX)  with arg. spec. '' on line 29.

 LaTeX info: Defining document command \mN
(LaTeX)  with arg. spec. '' on line 29.

 LaTeX info: Defining document command \kN
(LaTeX)  with arg. spec. '' on line 29.

 LaTeX info: Defining document command \MN
(LaTeX)  with arg. spec. '' on line 29.

 LaTeX info: Defining document command \Pa
(LaTeX)  with arg. spec. '' on line 29.

 LaTeX info: Defining document command \kPa
(LaTeX)  with arg. spec. '' on line 29.

 LaTeX info: Defining document command \MPa
(LaTeX)  with arg. spec. '' on line 29.

 LaTeX info: Defining document command \GPa
(LaTeX)  with arg. spec. '' on line 29.

 LaTeX info: Defining document command \mohm
(LaTeX)  with arg. spec. '' on line 29.

 LaTeX info: Defining document command \kohm
(LaTeX)  with arg. spec. '' on line 29.

 LaTeX info: Defining document command \Mohm
(LaTeX)  with arg. spec. '' on line 29.

 LaTeX info: Defining document command \s
(LaTeX)  with arg. spec. '' on line 29.

 LaTeX info: Defining document command \as
(LaTeX)  with arg. spec. '' on line 29.

 LaTeX info: Defining document command \fs
(LaTeX)  with arg. spec. '' on line 29.

 LaTeX info: Defining document command \ps
(LaTeX)  with arg. spec. '' on line 29.

 LaTeX info: Defining document command \ns
(LaTeX)  with arg. spec. '' on line 29.

 LaTeX info: Defining document command \us
(LaTeX)  with arg. spec. '' on line 29.

 LaTeX info: Defining document command \ms
(LaTeX)  with arg. spec. '' on line 29.

 LaTeX info: Defining document command \kibi
(LaTeX)  with arg. spec. '' on line 29.

 LaTeX info: Defining document command \mebi
(LaTeX)  with arg. spec. '' on line 29.

 LaTeX info: Defining document command \gibi
(LaTeX)  with arg. spec. '' on line 29.

 LaTeX info: Defining document command \tebi
(LaTeX)  with arg. spec. '' on line 29.

 LaTeX info: Defining document command \pebi
(LaTeX)  with arg. spec. '' on line 29.

 LaTeX info: Defining document command \exbi
(LaTeX)  with arg. spec. '' on line 29.

 LaTeX info: Defining document command \zebi
(LaTeX)  with arg. spec. '' on line 29.

 LaTeX info: Defining document command \yobi
(LaTeX)  with arg. spec. '' on line 29.

 LaTeX info: Defining document command \bit
(LaTeX)  with arg. spec. '' on line 29.

 LaTeX info: Defining document command \byte
(LaTeX)  with arg. spec. '' on line 29.

 LaTeX info: Defining document command \Square
(LaTeX)  with arg. spec. '' on line 29.

 LaTeX info: Defining document command \ssquare
(LaTeX)  with arg. spec. '' on line 29.

 LaTeX info: Defining document command \BAR
(LaTeX)  with arg. spec. '' on line 29.

 LaTeX info: Defining document command \bbar
(LaTeX)  with arg. spec. '' on line 29.

 LaTeX info: Defining document command \Day
(LaTeX)  with arg. spec. '' on line 29.

 LaTeX info: Defining document command \dday
(LaTeX)  with arg. spec. '' on line 29.

 LaTeX info: Defining document command \Gray
(LaTeX)  with arg. spec. '' on line 29.

 LaTeX info: Defining document command \ggray
(LaTeX)  with arg. spec. '' on line 29.

 LaTeX info: Defining document command \atomicmass
(LaTeX)  with arg. spec. '' on line 29.

 LaTeX info: Defining document command \arcsec
(LaTeX)  with arg. spec. '' on line 29.

 LaTeX info: Defining document command \are
(LaTeX)  with arg. spec. '' on line 29.

 LaTeX info: Defining document command \curie
(LaTeX)  with arg. spec. '' on line 29.

 LaTeX info: Defining document command \gal
(LaTeX)  with arg. spec. '' on line 29.

 LaTeX info: Defining document command \millibar
(LaTeX)  with arg. spec. '' on line 29.

 LaTeX info: Defining document command \rad
(LaTeX)  with arg. spec. '' on line 29.

 LaTeX info: Defining document command \rem
(LaTeX)  with arg. spec. '' on line 29.

 LaTeX info: Defining document command \roentgen
(LaTeX)  with arg. spec. '' on line 29.

 LaTeX info: Defining document command \micA
(LaTeX)  with arg. spec. '' on line 29.

 LaTeX info: Defining document command \micmol
(LaTeX)  with arg. spec. '' on line 29.

 LaTeX info: Defining document command \micl
(LaTeX)  with arg. spec. '' on line 29.

 LaTeX info: Defining document command \micL
(LaTeX)  with arg. spec. '' on line 29.

 LaTeX info: Defining document command \nanog
(LaTeX)  with arg. spec. '' on line 29.

 LaTeX info: Defining document command \micg
(LaTeX)  with arg. spec. '' on line 29.

 LaTeX info: Defining document command \picm
(LaTeX)  with arg. spec. '' on line 29.

 LaTeX info: Defining document command \micm
(LaTeX)  with arg. spec. '' on line 29.

 LaTeX info: Defining document command \Sec
(LaTeX)  with arg. spec. '' on line 29.

 LaTeX info: Defining document command \mics
(LaTeX)  with arg. spec. '' on line 29.

 LaTeX info: Defining document command \cmc
(LaTeX)  with arg. spec. '' on line 29.

 LaTeX info: Defining document command \dmc
(LaTeX)  with arg. spec. '' on line 29.

 LaTeX info: Defining document command \cms
(LaTeX)  with arg. spec. '' on line 29.

 LaTeX info: Defining document command \centimetrecubed
(LaTeX)  with arg. spec. '' on line 29.

 LaTeX info: Defining document command \centimetresquared
(LaTeX)  with arg. spec. '' on line 29.

 LaTeX info: Defining document command \cubiccentimetre
(LaTeX)  with arg. spec. '' on line 29.

 LaTeX info: Defining document command \cubicdecimetre
(LaTeX)  with arg. spec. '' on line 29.

 LaTeX info: Defining document command \squarecentimetre
(LaTeX)  with arg. spec. '' on line 29.

 LaTeX info: Defining document command \squaremetre
(LaTeX)  with arg. spec. '' on line 29.

 LaTeX info: Defining document command \squarekilometre
(LaTeX)  with arg. spec. '' on line 29.

 LaTeX info: Defining document command \parsec
(LaTeX)  with arg. spec. '' on line 29.

 LaTeX info: Defining document command \lightyear
(LaTeX)  with arg. spec. '' on line 29.

 LaTeX info: Defining document command \gmol
(LaTeX)  with arg. spec. '' on line 29.

 LaTeX info: Defining document command \kgmol
(LaTeX)  with arg. spec. '' on line 29.

 LaTeX info: Defining document command \lbmol
(LaTeX)  with arg. spec. '' on line 29.

 LaTeX info: Defining document command \molar
(LaTeX)  with arg. spec. '' on line 29.

 LaTeX info: Defining document command \Molar
(LaTeX)  with arg. spec. '' on line 29.

 LaTeX info: Defining document command \torr
(LaTeX)  with arg. spec. '' on line 29.

 LaTeX info: Defining document command \gon
(LaTeX)  with arg. spec. '' on line 29.

 LaTeX info: Defining document command \micron
(LaTeX)  with arg. spec. '' on line 29.

 LaTeX info: Defining document command \mrad
(LaTeX)  with arg. spec. '' on line 29.

 LaTeX info: Defining document command \gauss
(LaTeX)  with arg. spec. '' on line 29.

 LaTeX info: Defining document command \eVperc
(LaTeX)  with arg. spec. '' on line 29.

 LaTeX info: Defining document command \nanobarn
(LaTeX)  with arg. spec. '' on line 29.

 LaTeX info: Defining document command \picobarn
(LaTeX)  with arg. spec. '' on line 29.

 LaTeX info: Defining document command \femtobarn
(LaTeX)  with arg. spec. '' on line 29.

 LaTeX info: Defining document command \attobarn
(LaTeX)  with arg. spec. '' on line 29.

 LaTeX info: Defining document command \zeptobarn
(LaTeX)  with arg. spec. '' on line 29.

 LaTeX info: Defining document command \yoctobarn
(LaTeX)  with arg. spec. '' on line 29.

 LaTeX info: Defining document command \nb
(LaTeX)  with arg. spec. '' on line 29.

 LaTeX info: Defining document command \pb
(LaTeX)  with arg. spec. '' on line 29.

 LaTeX info: Defining document command \fb
(LaTeX)  with arg. spec. '' on line 29.

 LaTeX info: Defining document command \ab
(LaTeX)  with arg. spec. '' on line 29.

 LaTeX info: Defining document command \zb
(LaTeX)  with arg. spec. '' on line 29.

 LaTeX info: Defining document command \yb
(LaTeX)  with arg. spec. '' on line 29.


(/usr/share/texmf/tex/latex/beamer/translator/dicts/translator-basic-dictionary
/translator-basic-dictionary-English.dict
Dictionary: translator-basic-dictionary, Language: English 
)
(/usr/share/texmf/tex/latex/beamer/translator/dicts/translator-basic-dictionary
/translator-basic-dictionary-German.dict
Dictionary: translator-basic-dictionary, Language: German 
)
(/usr/share/texmf/tex/context/base/supp-pdf.mkii
[Loading MPS to PDF converter (version 2006.09.02).]
\scratchcounter=\count284
\scratchdimen=\dimen163
\scratchbox=\box39
\nofMPsegments=\count285
\nofMParguments=\count286
\everyMPshowfont=\toks55
\MPscratchCnt=\count287
\MPscratchDim=\dimen164
\MPnumerator=\count288
\makeMPintoPDFobject=\count289
\everyMPtoPDFconversion=\toks56
) (/usr/share/texmf/tex/generic/oberdiek/pdftexcmds.sty
Package: pdftexcmds 2011/04/22 v0.16 Utilities of pdfTeX for LuaTeX (HO)

(/usr/share/texmf/tex/generic/oberdiek/ifluatex.sty
Package: ifluatex 2010/03/01 v1.3 Provides the ifluatex switch (HO)
Package ifluatex Info: LuaTeX not detected.
)
(/usr/share/texmf/tex/generic/oberdiek/ifpdf.sty
Package: ifpdf 2011/01/30 v2.3 Provides the ifpdf switch (HO)
Package ifpdf Info: pdfTeX in PDF mode is detected.
)
Package pdftexcmds Info: LuaTeX not detected.
Package pdftexcmds Info: \pdf@primitive is available.
Package pdftexcmds Info: \pdf@ifprimitive is available.
Package pdftexcmds Info: \pdfdraftmode found.
)
(/usr/share/texmf/tex/latex/oberdiek/epstopdf-base.sty
Package: epstopdf-base 2010/02/09 v2.5 Base part for package epstopdf

(/usr/share/texmf/tex/latex/oberdiek/grfext.sty
Package: grfext 2010/08/19 v1.1 Managing graphics extensions (HO)

(/usr/share/texmf/tex/generic/oberdiek/kvdefinekeys.sty
Package: kvdefinekeys 2011/04/07 v1.3 Defining keys (HO)
))
(/usr/share/texmf/tex/latex/oberdiek/kvoptions.sty
Package: kvoptions 2010/12/23 v3.10 Keyval support for LaTeX options (HO)

(/usr/share/texmf/tex/generic/oberdiek/kvsetkeys.sty
Package: kvsetkeys 2011/04/07 v1.13 Key value parser (HO)

(/usr/share/texmf/tex/generic/oberdiek/etexcmds.sty
Package: etexcmds 2011/02/16 v1.5 Prefix for e-TeX command names (HO)
Package etexcmds Info: Could not find \expanded.
(etexcmds)             That can mean that you are not using pdfTeX 1.50 or
(etexcmds)             that some package has redefined \expanded.
(etexcmds)             In the latter case, load this package earlier.
)))
Package grfext Info: Graphics extension search list:
(grfext)             [.png,.pdf,.jpg,.mps,.jpeg,.jbig2,.jb2,.PNG,.PDF,.JPG,.JPE
G,.JBIG2,.JB2,.eps]
(grfext)             \AppendGraphicsExtensions on input line 452.

(/usr/share/texmf/tex/latex/latexconfig/epstopdf-sys.cfg
File: epstopdf-sys.cfg 2010/07/13 v1.3 Configuration of (r)epstopdf for TeX Liv
e
))
Package caption Info: Begin \AtBeginDocument code.
Package caption Info: End \AtBeginDocument code.
\c_siunitx_mathsf_int=\count290
LaTeX Font Info:    Try loading font information for U+msa on input line 29.

(/usr/share/texmf/tex/latex/amsfonts/umsa.fd
File: umsa.fd 2009/06/22 v3.00 AMS symbols A
)
LaTeX Font Info:    Try loading font information for U+msb on input line 29.

(/usr/share/texmf/tex/latex/amsfonts/umsb.fd
File: umsb.fd 2009/06/22 v3.00 AMS symbols B
)
\c_siunitx_mathtt_int=\count291
 (./Vorbereitung.toc)
\tf@toc=\write3
\openout3 = `Vorbereitung.toc'.

 [1


{/var/lib/texmf/fonts/map/pdftex/updmap/pdftex.map}] [2] [3] (./Vorbereitung.au
x) ) 
Here is how much of TeX's memory you used:
 14160 strings out of 493633
 293441 string characters out of 3150839
 298356 words of memory out of 3500000
 17236 multiletter control sequences out of 15000+200000
 14889 words of font info for 59 fonts, out of 3000000 for 9000
 831 hyphenation exceptions out of 8191
 52i,11n,62p,339b,508s stack positions out of 5000i,500n,10000p,200000b,50000s
</usr/share/texmf/fonts/type1/public/amsfonts/cm/cmmi10.pfb></usr/share/tex
mf/fonts/type1/public/amsfonts/cm/cmmi8.pfb></usr/share/texmf/fonts/type1/publi
c/amsfonts/cm/cmr10.pfb></usr/share/texmf/fonts/type1/public/amsfonts/cm/cmr12.
pfb></usr/share/texmf/fonts/type1/public/amsfonts/cm/cmr8.pfb></usr/share/texmf
/fonts/type1/public/amsfonts/cm/cmssbx10.pfb></usr/share/texmf/fonts/type1/publ
ic/amsfonts/cm/cmsy10.pfb></usr/share/texmf/fonts/type1/public/amsfonts/cm/cmsy
8.pfb>
Output written on Vorbereitung.pdf (3 pages, 89107 bytes).
PDF statistics:
 46 PDF objects out of 1000 (max. 8388607)
 32 compressed objects within 1 object stream
 0 named destinations out of 1000 (max. 500000)
 1 words of extra memory for PDF output out of 10000 (max. 10000000)

